0 info it worked if it ends with ok
1 verbose cli [ 'C:\\Program Files\\nodejs\\node.exe',
1 verbose cli   'C:\\Program Files\\nodejs\\node_modules\\npm\\bin\\npm-cli.js',
1 verbose cli   'run',
1 verbose cli   'postinstall' ]
2 info using npm@3.10.3
3 info using node@v6.5.0
4 verbose run-script [ 'postinstall' ]
5 info lifecycle angular-quickstart@1.0.0~postinstall: angular-quickstart@1.0.0
6 verbose lifecycle angular-quickstart@1.0.0~postinstall: unsafe-perm in lifecycle true
7 verbose lifecycle angular-quickstart@1.0.0~postinstall: PATH: C:\Program Files\nodejs\node_modules\npm\bin\node-gyp-bin;C:\AngularTest\ang2-quickstart\node_modules\.bin;C:\Program Files\nodejs;D:\app\natalja.bolbot\product\11.2.0\dbhome_1\bin;C:\ProgramData\Oracle\Java\javapath;C:\oracla_app\product\11.2.0\client_1\bin;C:\Windows\system32;C:\Windows;C:\Windows\System32\Wbem;C:\Program Files (x86)\ManageSoft\Common;C:\Program Files\Intel\WiFi\bin\;C:\Program Files\Common Files\Intel\WirelessCommon\;C:\Program Files (x86)\Microsoft ASP.NET\ASP.NET Web Pages\v1.0\;C:\Program Files\Microsoft SQL Server\110\Tools\Binn\;C:\Program Files (x86)\Microsoft SQL Server\110\Tools\Binn\;C:\Program Files\Microsoft SQL Server\110\DTS\Binn\;C:\Program Files (x86)\Microsoft SQL Server\110\Tools\Binn\ManagementStudio\;C:\Program Files (x86)\Microsoft Visual Studio 10.0\Common7\IDE\PrivateAssemblies\;C:\Program Files (x86)\Microsoft SQL Server\110\DTS\Binn\;C:\Program Files\SourceGear\Common\DiffMerge\;C:\Program Files\TortoiseSVN\bin;C:\Program Files (x86)\Windows Kits\8.1\Windows Performance Toolkit\;C:\Program Files\Microsoft SDKs\Windows\v6.0A\Bin;C:\Program Files\Microsoft\Web Platform Installer\;C:\Program Files (x86)\Microsoft SDKs\TypeScript\1.0\;C:\Windows\System32\WindowsPowerShell\v1.0\;C:\Windows\System32\WindowsPowerShell\v1.0\;C:\Program Files\Microsoft SQL Server\120\Tools\Binn\;%USERPROFILE%\.dnx\bin;C:\Program Files\Microsoft DNX\Dnvm\;C:\Program Files\Microsoft SQL Server\130\Tools\Binn\;C:\Program Files\Git\cmd;C:\Program Files\nodejs\;C:\Program Files (x86)\Microsoft VS Code\bin;C:\Users\natalja.bolbot\AppData\Local\atom\bin;C:\Users\natalja.bolbot\AppData\Roaming\npm
8 verbose lifecycle angular-quickstart@1.0.0~postinstall: CWD: C:\AngularTest\ang2-quickstart
9 silly lifecycle angular-quickstart@1.0.0~postinstall: Args: [ '/d /s /c', 'typings install' ]
10 silly lifecycle angular-quickstart@1.0.0~postinstall: Returned: code: 1  signal: null
11 info lifecycle angular-quickstart@1.0.0~postinstall: Failed to exec postinstall script
12 verbose stack Error: angular-quickstart@1.0.0 postinstall: `typings install`
12 verbose stack Exit status 1
12 verbose stack     at EventEmitter.<anonymous> (C:\Program Files\nodejs\node_modules\npm\lib\utils\lifecycle.js:242:16)
12 verbose stack     at emitTwo (events.js:106:13)
12 verbose stack     at EventEmitter.emit (events.js:191:7)
12 verbose stack     at ChildProcess.<anonymous> (C:\Program Files\nodejs\node_modules\npm\lib\utils\spawn.js:40:14)
12 verbose stack     at emitTwo (events.js:106:13)
12 verbose stack     at ChildProcess.emit (events.js:191:7)
12 verbose stack     at maybeClose (internal/child_process.js:877:16)
12 verbose stack     at Process.ChildProcess._handle.onexit (internal/child_process.js:226:5)
13 verbose pkgid angular-quickstart@1.0.0
14 verbose cwd C:\AngularTest\ang2-quickstart
15 error Windows_NT 6.1.7601
16 error argv "C:\\Program Files\\nodejs\\node.exe" "C:\\Program Files\\nodejs\\node_modules\\npm\\bin\\npm-cli.js" "run" "postinstall"
17 error node v6.5.0
18 error npm  v3.10.3
19 error code ELIFECYCLE
20 error angular-quickstart@1.0.0 postinstall: `typings install`
20 error Exit status 1
21 error Failed at the angular-quickstart@1.0.0 postinstall script 'typings install'.
21 error Make sure you have the latest version of node.js and npm installed.
21 error If you do, this is most likely a problem with the angular-quickstart package,
21 error not with npm itself.
21 error Tell the author that this fails on your system:
21 error     typings install
21 error You can get information on how to open an issue for this project with:
21 error     npm bugs angular-quickstart
21 error Or if that isn't available, you can get their info via:
21 error     npm owner ls angular-quickstart
21 error There is likely additional logging output above.
22 verbose exit [ 1, true ]
